  Walec.cpp
d:\visualstudio2015\projekty\newopengltutorial\opengl\opengl\walec.cpp(40): warning C4244: '=': conversion from 'int' to 'GLfloat', possible loss of data
d:\visualstudio2015\projekty\newopengltutorial\opengl\opengl\walec.cpp(41): warning C4244: '=': conversion from 'int' to 'GLfloat', possible loss of data
d:\visualstudio2015\projekty\newopengltutorial\opengl\opengl\walec.cpp(42): warning C4244: '=': conversion from 'int' to 'GLfloat', possible loss of data
d:\visualstudio2015\projekty\newopengltutorial\opengl\opengl\walec.cpp(43): warning C4244: '=': conversion from 'int' to 'GLfloat', possible loss of data
d:\visualstudio2015\projekty\newopengltutorial\opengl\opengl\walec.cpp(44): warning C4244: '=': conversion from 'int' to 'GLfloat', possible loss of data
d:\visualstudio2015\projekty\newopengltutorial\opengl\opengl\walec.cpp(45): warning C4244: '=': conversion from 'int' to 'GLfloat', possible loss of data
d:\visualstudio2015\projekty\newopengltutorial\opengl\opengl\walec.cpp(46): warning C4244: '=': conversion from 'int' to 'GLfloat', possible loss of data
d:\visualstudio2015\projekty\newopengltutorial\opengl\opengl\walec.cpp(47): warning C4244: '=': conversion from 'int' to 'GLfloat', possible loss of data
d:\visualstudio2015\projekty\newopengltutorial\opengl\opengl\walec.cpp(48): warning C4244: '=': conversion from 'int' to 'GLfloat', possible loss of data
d:\visualstudio2015\projekty\newopengltutorial\opengl\opengl\walec.cpp(121): warning C4244: '=': conversion from 'double' to 'GLfloat', possible loss of data
d:\visualstudio2015\projekty\newopengltutorial\opengl\opengl\walec.cpp(122): warning C4244: '=': conversion from 'double' to 'GLfloat', possible loss of data
d:\visualstudio2015\projekty\newopengltutorial\opengl\opengl\walec.cpp(125): warning C4244: '=': conversion from 'double' to 'GLfloat', possible loss of data
d:\visualstudio2015\projekty\newopengltutorial\opengl\opengl\walec.cpp(126): warning C4244: '=': conversion from 'double' to 'GLfloat', possible loss of data
d:\visualstudio2015\projekty\newopengltutorial\opengl\opengl\walec.cpp(218): warning C4244: '=': conversion from 'double' to 'GLfloat', possible loss of data
d:\visualstudio2015\projekty\newopengltutorial\opengl\opengl\walec.cpp(219): warning C4244: '=': conversion from 'double' to 'GLfloat', possible loss of data
d:\visualstudio2015\projekty\newopengltutorial\opengl\opengl\walec.cpp(222): warning C4244: '=': conversion from 'double' to 'GLfloat', possible loss of data
d:\visualstudio2015\projekty\newopengltutorial\opengl\opengl\walec.cpp(223): warning C4244: '=': conversion from 'double' to 'GLfloat', possible loss of data
d:\visualstudio2015\projekty\newopengltutorial\opengl\opengl\walec.cpp(376): warning C4244: '-=': conversion from 'double' to 'float', possible loss of data
d:\visualstudio2015\projekty\newopengltutorial\opengl\opengl\walec.cpp(377): warning C4244: '-=': conversion from 'double' to 'float', possible loss of data
d:\visualstudio2015\projekty\newopengltutorial\opengl\opengl\walec.cpp(378): warning C4244: '+=': conversion from 'double' to 'float', possible loss of data
d:\visualstudio2015\projekty\newopengltutorial\opengl\opengl\walec.cpp(379): warning C4244: '+=': conversion from 'double' to 'float', possible loss of data
d:\visualstudio2015\projekty\newopengltutorial\opengl\opengl\walec.cpp(385): warning C4305: '=': truncation from 'double' to 'float'
d:\visualstudio2015\projekty\newopengltutorial\opengl\opengl\walec.cpp(386): warning C4305: '=': truncation from 'double' to 'float'
d:\visualstudio2015\projekty\newopengltutorial\opengl\opengl\walec.cpp(387): warning C4305: '=': truncation from 'double' to 'float'
d:\visualstudio2015\projekty\newopengltutorial\opengl\opengl\walec.cpp(388): warning C4305: '=': truncation from 'double' to 'float'
  opengl.vcxproj -> D:\VisualStudio2015\Projekty\NEWOPENGLTUTORIAL\opengl\Debug\opengl.exe
  opengl.vcxproj -> D:\VisualStudio2015\Projekty\NEWOPENGLTUTORIAL\opengl\Debug\opengl.pdb (Partial PDB)
