d:\visualstudio2015\projekty\newopengltutorial\opengl\opengl\debug\vc140.pdb
d:\visualstudio2015\projekty\newopengltutorial\opengl\opengl\debug\vc140.idb
d:\visualstudio2015\projekty\newopengltutorial\opengl\opengl\debug\camera.obj
d:\visualstudio2015\projekty\newopengltutorial\opengl\opengl\debug\cube.obj
d:\visualstudio2015\projekty\newopengltutorial\opengl\opengl\debug\shape.obj
d:\visualstudio2015\projekty\newopengltutorial\opengl\opengl\debug\display.obj
d:\visualstudio2015\projekty\newopengltutorial\opengl\opengl\debug\main.obj
d:\visualstudio2015\projekty\newopengltutorial\opengl\opengl\debug\terrain.obj
d:\visualstudio2015\projekty\newopengltutorial\opengl\opengl\debug\triangle.obj
d:\visualstudio2015\projekty\newopengltutorial\opengl\opengl\debug\utils.obj
d:\visualstudio2015\projekty\newopengltutorial\opengl\opengl\debug\globals.obj
d:\visualstudio2015\projekty\newopengltutorial\opengl\debug\opengl.ilk
d:\visualstudio2015\projekty\newopengltutorial\opengl\debug\opengl.exe
d:\visualstudio2015\projekty\newopengltutorial\opengl\debug\opengl.pdb
d:\visualstudio2015\projekty\newopengltutorial\opengl\opengl\debug\opengl.tlog\cl.command.1.tlog
d:\visualstudio2015\projekty\newopengltutorial\opengl\opengl\debug\opengl.tlog\cl.read.1.tlog
d:\visualstudio2015\projekty\newopengltutorial\opengl\opengl\debug\opengl.tlog\cl.write.1.tlog
d:\visualstudio2015\projekty\newopengltutorial\opengl\opengl\debug\opengl.tlog\link.command.1.tlog
d:\visualstudio2015\projekty\newopengltutorial\opengl\opengl\debug\opengl.tlog\link.read.1.tlog
d:\visualstudio2015\projekty\newopengltutorial\opengl\opengl\debug\opengl.tlog\link.write.1.tlog
